# JRE version: Java(TM) SE Runtime Environment (8.0_191-b12) (build 1.8.0_191-b12)
# Java VM: Java HotSpot(TM) Client VM (25.191-b12 mixed mode windows-x86 )
Heap:
 def new generation   total 65600K, used 19228K [0x05000000, 0x09720000, 0x0faa0000)
  eden space 58368K,  26% used [0x05000000, 0x05f63290, 0x08900000)
  from space 7232K,  48% used [0x09010000, 0x09374118, 0x09720000)
  to   space 7232K,   0% used [0x08900000, 0x08900000, 0x09010000)
 tenured generation   total 145612K, used 92388K [0x0faa0000, 0x188d3000, 0x25000000)
   the space 145612K,  63% used [0x0faa0000, 0x154d91e0, 0x154d9200, 0x188d3000)
 Metaspace       used 26039K, capacity 26877K, committed 27776K, reserved 28032K
GC Heap History (10 events):
Event: 280.270 GC heap before
{Heap before GC invocations=84 (full 6):
 def new generation   total 65600K, used 60896K [0x05000000, 0x09720000, 0x0faa0000)
  eden space 58368K, 100% used [0x05000000, 0x08900000, 0x08900000)
  from space 7232K,  34% used [0x08900000, 0x08b782b0, 0x09010000)
  to   space 7232K,   0% used [0x09010000, 0x09010000, 0x09720000)
 tenured generation   total 145612K, used 92388K [0x0faa0000, 0x188d3000, 0x25000000)
   the space 145612K,  63% used [0x0faa0000, 0x154d91e0, 0x154d9200, 0x188d3000)
 Metaspace       used 26038K, capacity 26877K, committed 27776K, reserved 28032K
Event: 280.276 GC heap after
Heap after GC invocations=85 (full 6):
 def new generation   total 65600K, used 2598K [0x05000000, 0x09720000, 0x0faa0000)
  eden space 58368K,   0% used [0x05000000, 0x05000000, 0x08900000)
  from space 7232K,  35% used [0x09010000, 0x09299bc8, 0x09720000)
  to   space 7232K,   0% used [0x08900000, 0x08900000, 0x09010000)
 tenured generation   total 145612K, used 92388K [0x0faa0000, 0x188d3000, 0x25000000)
   the space 145612K,  63% used [0x0faa0000, 0x154d91e0, 0x154d9200, 0x188d3000)
 Metaspace       used 26038K, capacity 26877K, committed 27776K, reserved 28032K
}
Event: 293.840 GC heap before
{Heap before GC invocations=85 (full 6):
 def new generation   total 65600K, used 60966K [0x05000000, 0x09720000, 0x0faa0000)
  eden space 58368K, 100% used [0x05000000, 0x08900000, 0x08900000)
  from space 7232K,  35% used [0x09010000, 0x09299bc8, 0x09720000)
  to   space 7232K,   0% used [0x08900000, 0x08900000, 0x09010000)
 tenured generation   total 145612K, used 92388K [0x0faa0000, 0x188d3000, 0x25000000)
   the space 145612K,  63% used [0x0faa0000, 0x154d91e0, 0x154d9200, 0x188d3000)
 Metaspace       used 26038K, capacity 26877K, committed 27776K, reserved 28032K
Event: 293.849 GC heap after
Heap after GC invocations=86 (full 6):
 def new generation   total 65600K, used 2645K [0x05000000, 0x09720000, 0x0faa0000)
  eden space 58368K,   0% used [0x05000000, 0x05000000, 0x08900000)
  from space 7232K,  36% used [0x08900000, 0x08b95788, 0x09010000)
  to   space 7232K,   0% used [0x09010000, 0x09010000, 0x09720000)
 tenured generation   total 145612K, used 92388K [0x0faa0000, 0x188d3000, 0x25000000)
   the space 145612K,  63% used [0x0faa0000, 0x154d91e0, 0x154d9200, 0x188d3000)
 Metaspace       used 26038K, capacity 26877K, committed 27776K, reserved 28032K
}
Event: 294.073 GC heap before
{Heap before GC invocations=86 (full 6):
 def new generation   total 65600K, used 61013K [0x05000000, 0x09720000, 0x0faa0000)
  eden space 58368K, 100% used [0x05000000, 0x08900000, 0x08900000)
  from space 7232K,  36% used [0x08900000, 0x08b95788, 0x09010000)
  to   space 7232K,   0% used [0x09010000, 0x09010000, 0x09720000)
 tenured generation   total 145612K, used 92388K [0x0faa0000, 0x188d3000, 0x25000000)
   the space 145612K,  63% used [0x0faa0000, 0x154d91e0, 0x154d9200, 0x188d3000)
 Metaspace       used 26038K, capacity 26877K, committed 27776K, reserved 28032K
Event: 294.079 GC heap after
Heap after GC invocations=87 (full 6):
 def new generation   total 65600K, used 3062K [0x05000000, 0x09720000, 0x0faa0000)
  eden space 58368K,   0% used [0x05000000, 0x05000000, 0x08900000)
  from space 7232K,  42% used [0x09010000, 0x0930d980, 0x09720000)
  to   space 7232K,   0% used [0x08900000, 0x08900000, 0x09010000)
 tenured generation   total 145612K, used 92388K [0x0faa0000, 0x188d3000, 0x25000000)
   the space 145612K,  63% used [0x0faa0000, 0x154d91e0, 0x154d9200, 0x188d3000)
 Metaspace       used 26038K, capacity 26877K, committed 27776K, reserved 28032K
}
Event: 294.480 GC heap before
{Heap before GC invocations=87 (full 6):
 def new generation   total 65600K, used 61430K [0x05000000, 0x09720000, 0x0faa0000)
  eden space 58368K, 100% used [0x05000000, 0x08900000, 0x08900000)
  from space 7232K,  42% used [0x09010000, 0x0930d980, 0x09720000)
  to   space 7232K,   0% used [0x08900000, 0x08900000, 0x09010000)
 tenured generation   total 145612K, used 92388K [0x0faa0000, 0x188d3000, 0x25000000)
   the space 145612K,  63% used [0x0faa0000, 0x154d91e0, 0x154d9200, 0x188d3000)
 Metaspace       used 26038K, capacity 26877K, committed 27776K, reserved 28032K
Event: 294.485 GC heap after
Heap after GC invocations=88 (full 6):
 def new generation   total 65600K, used 3168K [0x05000000, 0x09720000, 0x0faa0000)
  eden space 58368K,   0% used [0x05000000, 0x05000000, 0x08900000)
  from space 7232K,  43% used [0x08900000, 0x08c183a0, 0x09010000)
  to   space 7232K,   0% used [0x09010000, 0x09010000, 0x09720000)
 tenured generation   total 145612K, used 92388K [0x0faa0000, 0x188d3000, 0x25000000)
   the space 145612K,  63% used [0x0faa0000, 0x154d91e0, 0x154d9200, 0x188d3000)
 Metaspace       used 26038K, capacity 26877K, committed 27776K, reserved 28032K
}
Event: 345.164 GC heap before
{Heap before GC invocations=88 (full 6):
 def new generation   total 65600K, used 61536K [0x05000000, 0x09720000, 0x0faa0000)
  eden space 58368K, 100% used [0x05000000, 0x08900000, 0x08900000)
  from space 7232K,  43% used [0x08900000, 0x08c183a0, 0x09010000)
  to   space 7232K,   0% used [0x09010000, 0x09010000, 0x09720000)
 tenured generation   total 145612K, used 92388K [0x0faa0000, 0x188d3000, 0x25000000)
   the space 145612K,  63% used [0x0faa0000, 0x154d91e0, 0x154d9200, 0x188d3000)
 Metaspace       used 26039K, capacity 26877K, committed 27776K, reserved 28032K
Event: 345.172 GC heap after
Heap after GC invocations=89 (full 6):
 def new generation   total 65600K, used 3472K [0x05000000, 0x09720000, 0x0faa0000)
  eden space 58368K,   0% used [0x05000000, 0x05000000, 0x08900000)
  from space 7232K,  48% used [0x09010000, 0x09374118, 0x09720000)
  to   space 7232K,   0% used [0x08900000, 0x08900000, 0x09010000)
 tenured generation   total 145612K, used 92388K [0x0faa0000, 0x188d3000, 0x25000000)
   the space 145612K,  63% used [0x0faa0000, 0x154d91e0, 0x154d9200, 0x188d3000)
 Metaspace       used 26039K, capacity 26877K, committed 27776K, reserved 28032K
}

